INFO:root:Data Retrieval: Fetching data from 2020-01-01 to 2025-01-01
INFO:crypto_tax:[Kraken] Retrieving trades {"start_date": "2020-01-01", "end_date": "2025-01-01"}
INFO:crypto_tax:[Database] Connection opened to Kraken cache database 
INFO:crypto_tax:[Database] Connection closed to Kraken cache database 
INFO:crypto_tax:[Database] Retrieved 5 entries from trades {"start_time": 1577833200, "end_time": 1735686000}
INFO:crypto_tax:[Kraken] Retrieved 5 cached trades 
INFO:crypto_tax:[Kraken API] Fetching trades {"from": "2023-08-14"}
INFO:crypto_tax:[API] [2025-04-15 09:55:40.997] Requesting token for /0/private/TradesHistory 
INFO:crypto_tax:[API] [2025-04-15 09:55:40.997] Got token for /0/private/TradesHistory 
INFO:crypto_tax:[API] [2025-04-15 09:55:41.271] Received response for /0/private/TradesHistory 
INFO:crypto_tax:[API] API call to Kraken - /0/private/TradesHistory {"method": "POST", "endpoint": "/0/private/TradesHistory", "success": true, "params": {"nonce": "1744703740997181", "ofs": 0, "start": 1692023149, "end": 1735686000, "trades": "true"}, "response_code": 200, "duration_ms": 273.7767696380615}
INFO:crypto_tax:[Kraken API] Fetched 0 new trades 
INFO:crypto_tax:[Database] No entries to save to trades 
INFO:crypto_tax:[Kraken] Retrieving ledger entries {"start_date": "2020-01-01", "end_date": "2025-01-01"}
INFO:crypto_tax:[Database] Connection opened to Kraken cache database 
INFO:crypto_tax:[Database] Connection closed to Kraken cache database 
INFO:crypto_tax:[Database] Retrieved 53 entries from ledger {"start_time": 1577833200, "end_time": 1735686000}
INFO:crypto_tax:[Kraken] Retrieved 53 cached ledger entries 
INFO:crypto_tax:[Kraken API] Fetching ledger entries {"from": "2024-11-07"}
INFO:crypto_tax:[API] [2025-04-15 09:55:41.275] Requesting token for /0/private/Ledgers 
INFO:crypto_tax:[API] [2025-04-15 09:55:41.276] Got token for /0/private/Ledgers 
INFO:crypto_tax:[API] [2025-04-15 09:55:41.461] Received response for /0/private/Ledgers 
INFO:crypto_tax:[API] API call to Kraken - /0/private/Ledgers {"method": "POST", "endpoint": "/0/private/Ledgers", "success": true, "params": {"nonce": "1744703741275933", "ofs": 0, "start": 1730935085, "end": 1735686000, "type": "all"}, "response_code": 200, "duration_ms": 184.92507934570312}
INFO:crypto_tax:[Kraken API] No new ledger entries fetched 
INFO:root:Data Retrieval: Retrieved 5 trades and 53 ledger entries
INFO:crypto_tax:[API] API call to Kraken - Fetching price for XETH on 14-08-2023 {"method": "GET", "endpoint": "Fetching price for XETH on 14-08-2023", "success": true}
INFO:crypto_tax:[API] [2025-04-15 09:55:41.462] Requesting token for /0/public/OHLC 
INFO:crypto_tax:[API] [2025-04-15 09:55:41.463] Got token for /0/public/OHLC 
INFO:crypto_tax:[API] [2025-04-15 09:55:41.653] Received response for /0/public/OHLC 
INFO:crypto_tax:[API] API call to Kraken - /0/public/OHLC {"method": "GET", "endpoint": "/0/public/OHLC", "success": true, "params": {"pair": "ETHEUR", "interval": 1440, "since": 1691971200}, "response_code": 200, "duration_ms": 190.72747230529785}
INFO:crypto_tax:[API] API call to CoinGecko - Fetching price for XETH on 14-08-2023 {"method": "GET", "endpoint": "Fetching price for XETH on 14-08-2023", "success": true}
WARNING: [Price] WARNING - CoinGeckoLimitation: Skipping CoinGecko API call for XETH on 14-08-2023 - exceeds 365 day limit for free API 
WARNING:crypto_tax:[Price] WARNING - CoinGeckoLimitation: Skipping CoinGecko API call for XETH on 14-08-2023 - exceeds 365 day limit for free API 
INFO:crypto_tax:[API] API call to Yahoo Finance - Fetching price for XETH on 14-08-2023 {"method": "GET", "endpoint": "Fetching price for XETH on 14-08-2023", "success": true}
INFO:crypto_tax:[Price] Got Yahoo Finance price for XETH on 14-08-2023: 1680.732421875 EUR 
--- Logging error ---
Traceback (most recent call last):
  File "/home/linuxbrew/.linuxbrew/opt/python@3.13/lib/python3.13/logging/__init__.py", line 1150, in emit
    msg = self.format(record)
  File "/home/linuxbrew/.linuxbrew/opt/python@3.13/lib/python3.13/logging/__init__.py", line 998, in format
    return fmt.format(record)
           ~~~~~~~~~~^^^^^^^^
  File "/home/linuxbrew/.linuxbrew/opt/python@3.13/lib/python3.13/logging/__init__.py", line 711, in format
    record.message = record.getMessage()
                     ~~~~~~~~~~~~~~~~~^^
  File "/home/linuxbrew/.linuxbrew/opt/python@3.13/lib/python3.13/logging/__init__.py", line 400, in getMessage
    msg = msg % self.args
          ~~~~^~~~~~~~~~~
TypeError: not all arguments converted during string formatting
Call stack:
  File "<frozen runpy>", line 198, in _run_module_as_main
  File "<frozen runpy>", line 88, in _run_code
  File "/home/mb/skripts/skripts-py/accounting_kryptos/src/crypto_tax_calculator/main.py", line 559, in <module>
    main()
  File "/home/mb/skripts/skripts-py/accounting_kryptos/src/crypto_tax_calculator/main.py", line 499, in main
    log_event("FeeLink", f"Trade {refid} combined fee: {combined_fee}")
Message: 'FeeLink'
Arguments: ('Trade TGG6NO-OI6UY-I3KUHR combined fee: 1.29887',)
--- Logging error ---
Traceback (most recent call last):
  File "/home/linuxbrew/.linuxbrew/opt/python@3.13/lib/python3.13/logging/__init__.py", line 1150, in emit
    msg = self.format(record)
  File "/home/linuxbrew/.linuxbrew/opt/python@3.13/lib/python3.13/logging/__init__.py", line 998, in format
    return fmt.format(record)
           ~~~~~~~~~~^^^^^^^^
  File "/home/linuxbrew/.linuxbrew/opt/python@3.13/lib/python3.13/logging/__init__.py", line 711, in format
    record.message = record.getMessage()
                     ~~~~~~~~~~~~~~~~~^^
  File "/home/linuxbrew/.linuxbrew/opt/python@3.13/lib/python3.13/logging/__init__.py", line 400, in getMessage
    msg = msg % self.args
          ~~~~^~~~~~~~~~~
TypeError: not all arguments converted during string formatting
Call stack:
  File "<frozen runpy>", line 198, in _run_module_as_main
  File "<frozen runpy>", line 88, in _run_code
  File "/home/mb/skripts/skripts-py/accounting_kryptos/src/crypto_tax_calculator/main.py", line 559, in <module>
    main()
  File "/home/mb/skripts/skripts-py/accounting_kryptos/src/crypto_tax_calculator/main.py", line 499, in main
    log_event("FeeLink", f"Trade {refid} combined fee: {combined_fee}")
Message: 'FeeLink'
Arguments: ('Trade T6WBV3-XPEJ7-UU4RSR combined fee: 0.12178400',)
--- Logging error ---
Traceback (most recent call last):
  File "/home/linuxbrew/.linuxbrew/opt/python@3.13/lib/python3.13/logging/__init__.py", line 1150, in emit
    msg = self.format(record)
  File "/home/linuxbrew/.linuxbrew/opt/python@3.13/lib/python3.13/logging/__init__.py", line 998, in format
    return fmt.format(record)
           ~~~~~~~~~~^^^^^^^^
  File "/home/linuxbrew/.linuxbrew/opt/python@3.13/lib/python3.13/logging/__init__.py", line 711, in format
    record.message = record.getMessage()
                     ~~~~~~~~~~~~~~~~~^^
  File "/home/linuxbrew/.linuxbrew/opt/python@3.13/lib/python3.13/logging/__init__.py", line 400, in getMessage
    msg = msg % self.args
          ~~~~^~~~~~~~~~~
TypeError: not all arguments converted during string formatting
Call stack:
  File "<frozen runpy>", line 198, in _run_module_as_main
  File "<frozen runpy>", line 88, in _run_code
  File "/home/mb/skripts/skripts-py/accounting_kryptos/src/crypto_tax_calculator/main.py", line 559, in <module>
    main()
  File "/home/mb/skripts/skripts-py/accounting_kryptos/src/crypto_tax_calculator/main.py", line 499, in main
    log_event("FeeLink", f"Trade {refid} combined fee: {combined_fee}")
Message: 'FeeLink'
Arguments: ('Trade TQP4L3-Q5R2O-4CQ3U4 combined fee: 0.009154',)
--- Logging error ---
Traceback (most recent call last):
  File "/home/linuxbrew/.linuxbrew/opt/python@3.13/lib/python3.13/logging/__init__.py", line 1150, in emit
    msg = self.format(record)
  File "/home/linuxbrew/.linuxbrew/opt/python@3.13/lib/python3.13/logging/__init__.py", line 998, in format
    return fmt.format(record)
           ~~~~~~~~~~^^^^^^^^
  File "/home/linuxbrew/.linuxbrew/opt/python@3.13/lib/python3.13/logging/__init__.py", line 711, in format
    record.message = record.getMessage()
                     ~~~~~~~~~~~~~~~~~^^
  File "/home/linuxbrew/.linuxbrew/opt/python@3.13/lib/python3.13/logging/__init__.py", line 400, in getMessage
    msg = msg % self.args
          ~~~~^~~~~~~~~~~
TypeError: not all arguments converted during string formatting
Call stack:
  File "<frozen runpy>", line 198, in _run_module_as_main
  File "<frozen runpy>", line 88, in _run_code
  File "/home/mb/skripts/skripts-py/accounting_kryptos/src/crypto_tax_calculator/main.py", line 559, in <module>
    main()
  File "/home/mb/skripts/skripts-py/accounting_kryptos/src/crypto_tax_calculator/main.py", line 499, in main
    log_event("FeeLink", f"Trade {refid} combined fee: {combined_fee}")
Message: 'FeeLink'
Arguments: ('Trade TFJXYS-7T7L5-KEYW5E combined fee: 0.630846',)
--- Logging error ---
Traceback (most recent call last):
  File "/home/linuxbrew/.linuxbrew/opt/python@3.13/lib/python3.13/logging/__init__.py", line 1150, in emit
    msg = self.format(record)
  File "/home/linuxbrew/.linuxbrew/opt/python@3.13/lib/python3.13/logging/__init__.py", line 998, in format
    return fmt.format(record)
           ~~~~~~~~~~^^^^^^^^
  File "/home/linuxbrew/.linuxbrew/opt/python@3.13/lib/python3.13/logging/__init__.py", line 711, in format
    record.message = record.getMessage()
                     ~~~~~~~~~~~~~~~~~^^
  File "/home/linuxbrew/.linuxbrew/opt/python@3.13/lib/python3.13/logging/__init__.py", line 400, in getMessage
    msg = msg % self.args
          ~~~~^~~~~~~~~~~
TypeError: not all arguments converted during string formatting
Call stack:
  File "<frozen runpy>", line 198, in _run_module_as_main
  File "<frozen runpy>", line 88, in _run_code
  File "/home/mb/skripts/skripts-py/accounting_kryptos/src/crypto_tax_calculator/main.py", line 559, in <module>
    main()
  File "/home/mb/skripts/skripts-py/accounting_kryptos/src/crypto_tax_calculator/main.py", line 499, in main
    log_event("FeeLink", f"Trade {refid} combined fee: {combined_fee}")
Message: 'FeeLink'
Arguments: ('Trade T3UUUC-5OKUR-CKCQTM combined fee: 2.58815',)
INFO:root:Processing: Starting transaction processing for tax year 2024...
INFO:root:Processing: Sorted 58 raw transactions.
INFO:root:Skipping fiat currency transaction: LJZ4BA-KTVD6-2N3AET (deposit ZEUR)
INFO:root:Skipping fiat payment transaction: LQ62JS-ER5LL-7VG4MA (spend ZEUR)
INFO:root:Skipping fiat payment transaction: L22CSF-KGGWB-H5E2EP (spend ZEUR)
INFO:root:Skipping fiat payment transaction: LUMGAS-NZN32-25N3SA (spend ZEUR)
INFO:root:Skipping fiat currency transaction: LWG2GS-Z7NJP-RYY5QQ (deposit ZEUR)
INFO:root:Skipping fiat payment transaction: LRRWYD-2I7FE-BX3YSX (spend ZEUR)
INFO:root:Skipping fiat payment transaction: LHFHLG-7KZBM-KRC53V (spend ZEUR)
INFO:root:Skipping fiat currency transaction: LK3ETF-6XPMS-FBG724 (deposit ZEUR)
INFO:root:Skipping fiat currency transaction: LXH63E-6FB5E-UIBU5B (trade ZEUR)
INFO:root:Processing: Processing crypto sale transaction: L6J6C3-ZTK7A-7TIMDK (trade XETH)
INFO:root:Skipping fiat currency transaction: LTG7BB-IDTLJ-V5H5XO (trade ZEUR)
INFO:root:Processing: Processing crypto sale transaction: LQ23RC-J74M5-Z4VAXM (trade ARB)
INFO:root:Skipping fiat currency transaction: LIBGPF-QNPQG-J3ITFA (trade ZEUR)
INFO:root:Processing: Processing crypto sale transaction: LDCCD6-I3JHH-IJMLOU (trade ADA)
INFO:root:Skipping fiat currency transaction: L6VWSP-7KEAK-K6LRRY (trade ZEUR)
INFO:root:Processing: Processing crypto sale transaction: L6U3YH-W2DT5-5BJRKV (trade ADA)
INFO:root:Skipping fiat payment transaction: LQ75IJ-QTSK2-H5VW2J (spend ZEUR)
INFO:root:Skipping fiat currency transaction: LHODTV-OB7S7-WDM2ZH (deposit ZEUR)
INFO:root:Skipping fiat payment transaction: LO5CEK-VIXHP-BXFDKJ (spend ZEUR)
INFO:root:Skipping fiat payment transaction: LDRPM5-X3G7O-36NOZ3 (spend ZEUR)
INFO:root:Skipping fiat payment transaction: LNLQLT-47ZQB-X2LLAS (spend ZEUR)
INFO:root:Skipping fiat currency transaction: LFSHAH-WFEAK-O3WV4Y (deposit ZEUR)
INFO:root:Processing: Processing crypto sale transaction: LB2APU-M645J-SYYVNG (trade XETH)
INFO:root:Skipping fiat currency transaction: LB6CIB-QVOBP-AYDZIH (trade ZEUR)
INFO:root:Skipping fiat currency transaction: LDE3ZQ-W25AP-ZPEBNI (receive ZEUR)
INFO:root:Processing: Processing crypto sale transaction: LINGB3-WZ2QZ-PLQWZ5 (spend XETH)
INFO:root:Skipping fiat payment transaction: LPMA4F-HNIRQ-SWIBVL (withdrawal ZEUR)
INFO:root:Skipping fiat currency transaction: L6NLKG-YKWWB-DEVNUT (receive ZEUR)
INFO:root:Processing: Processing crypto sale transaction: LEVU23-MZZJG-Q4VLVQ (spend ADA)
INFO:root:Skipping fiat payment transaction: LIEOEX-EEUUD-WA2BHO (withdrawal ZEUR)
INFO:root:Skipping fiat currency transaction: LTIJFJ-QIP3Y-XU55CY (receive ZEUR)
INFO:root:Processing: Processing crypto sale transaction: LU4N27-QT7QR-US5PBA (spend AVAX)
INFO:root:Skipping fiat payment transaction: LTJJ3O-LWO2U-3YJ4O2 (withdrawal ZEUR)
INFO:root:Skipping fiat currency transaction: LDX3R3-WLAVW-BSD4IF (receive ZEUR)
INFO:root:Processing: Processing crypto sale transaction: LJC3TF-S3X4H-G6MWWN (spend XETH)
INFO:root:Skipping fiat currency transaction: LJ6AUP-45VQQ-RI24Z3 (receive ZEUR)
INFO:root:Processing: Processing crypto sale transaction: LL3RIA-PCIBK-57YB77 (spend ADA)
INFO:root:Skipping fiat currency transaction: LI55MI-GHC7H-W5B5AK (receive ZEUR)
INFO:root:Processing: Processing crypto sale transaction: LLUIJV-CZIDY-N4VJ3N (spend ARB)
INFO:root:Skipping fiat payment transaction: LSCR53-KBGXA-LOXMTZ (withdrawal ZEUR)
INFO:root:Skipping fiat currency transaction: LF3GSP-ZRZDD-IHDXNY (deposit ZEUR)
INFO:root:Skipping fiat payment transaction: LBQTJ4-2NOQ4-OKEWN6 (spend ZEUR)
INFO:root:Processing: First pass - Adding purchases to FIFO calculator
INFO:crypto_tax:[API] API call to Kraken - Fetching price for XETH on 19-04-2022 {"method": "GET", "endpoint": "Fetching price for XETH on 19-04-2022", "success": true}
INFO:crypto_tax:[API] [2025-04-15 09:55:42.145] Requesting token for /0/public/OHLC 
INFO:crypto_tax:[API] [2025-04-15 09:55:42.145] Got token for /0/public/OHLC 
INFO:crypto_tax:[API] [2025-04-15 09:55:42.342] Received response for /0/public/OHLC 
INFO:crypto_tax:[API] API call to Kraken - /0/public/OHLC {"method": "GET", "endpoint": "/0/public/OHLC", "success": true, "params": {"pair": "ETHEUR", "interval": 1440, "since": 1650326400}, "response_code": 200, "duration_ms": 196.9165802001953}
INFO:crypto_tax:[API] API call to CoinGecko - Fetching price for XETH on 19-04-2022 {"method": "GET", "endpoint": "Fetching price for XETH on 19-04-2022", "success": true}
WARNING: [Price] WARNING - CoinGeckoLimitation: Skipping CoinGecko API call for XETH on 19-04-2022 - exceeds 365 day limit for free API 
WARNING:crypto_tax:[Price] WARNING - CoinGeckoLimitation: Skipping CoinGecko API call for XETH on 19-04-2022 - exceeds 365 day limit for free API 
INFO:crypto_tax:[API] API call to Yahoo Finance - Fetching price for XETH on 19-04-2022 {"method": "GET", "endpoint": "Fetching price for XETH on 19-04-2022", "success": true}
INFO:crypto_tax:[Price] Got Yahoo Finance price for XETH on 19-04-2022: 2875.37109375 EUR 
INFO:crypto_tax:[API] API call to Kraken - Fetching price for ADA on 19-04-2022 {"method": "GET", "endpoint": "Fetching price for ADA on 19-04-2022", "success": true}
INFO:crypto_tax:[API] [2025-04-15 09:55:42.444] Requesting token for /0/public/OHLC 
INFO:crypto_tax:[API] [2025-04-15 09:55:42.444] Got token for /0/public/OHLC 
INFO:crypto_tax:[API] [2025-04-15 09:55:42.632] Received response for /0/public/OHLC 
INFO:crypto_tax:[API] API call to Kraken - /0/public/OHLC {"method": "GET", "endpoint": "/0/public/OHLC", "success": true, "params": {"pair": "ADAEUR", "interval": 1440, "since": 1650326400}, "response_code": 200, "duration_ms": 187.75343894958496}
INFO:crypto_tax:[API] API call to CoinGecko - Fetching price for ADA on 19-04-2022 {"method": "GET", "endpoint": "Fetching price for ADA on 19-04-2022", "success": true}
WARNING: [Price] WARNING - CoinGeckoLimitation: Skipping CoinGecko API call for ADA on 19-04-2022 - exceeds 365 day limit for free API 
WARNING:crypto_tax:[Price] WARNING - CoinGeckoLimitation: Skipping CoinGecko API call for ADA on 19-04-2022 - exceeds 365 day limit for free API 
INFO:crypto_tax:[API] API call to Yahoo Finance - Fetching price for ADA on 19-04-2022 {"method": "GET", "endpoint": "Fetching price for ADA on 19-04-2022", "success": true}
INFO:crypto_tax:[Price] Got Yahoo Finance price for ADA on 19-04-2022: 0.8830839991569519 EUR 
INFO:crypto_tax:[API] API call to Kraken - Fetching price for SOL on 19-04-2022 {"method": "GET", "endpoint": "Fetching price for SOL on 19-04-2022", "success": true}
INFO:crypto_tax:[API] [2025-04-15 09:55:42.716] Requesting token for /0/public/OHLC 
INFO:crypto_tax:[API] [2025-04-15 09:55:42.716] Got token for /0/public/OHLC 
INFO:crypto_tax:[API] [2025-04-15 09:55:43.022] Received response for /0/public/OHLC 
INFO:crypto_tax:[API] API call to Kraken - /0/public/OHLC {"method": "GET", "endpoint": "/0/public/OHLC", "success": true, "params": {"pair": "SOLEUR", "interval": 1440, "since": 1650326400}, "response_code": 200, "duration_ms": 306.0283660888672}
INFO:crypto_tax:[API] API call to CoinGecko - Fetching price for SOL on 19-04-2022 {"method": "GET", "endpoint": "Fetching price for SOL on 19-04-2022", "success": true}
WARNING: [Price] WARNING - CoinGeckoLimitation: Skipping CoinGecko API call for SOL on 19-04-2022 - exceeds 365 day limit for free API 
WARNING:crypto_tax:[Price] WARNING - CoinGeckoLimitation: Skipping CoinGecko API call for SOL on 19-04-2022 - exceeds 365 day limit for free API 
INFO:crypto_tax:[API] API call to Yahoo Finance - Fetching price for SOL on 19-04-2022 {"method": "GET", "endpoint": "Fetching price for SOL on 19-04-2022", "success": true}
INFO:crypto_tax:[Price] Got Yahoo Finance price for SOL on 19-04-2022: 100.58084106445312 EUR 
INFO:crypto_tax:[API] API call to Kraken - Fetching price for XETH on 28-12-2022 {"method": "GET", "endpoint": "Fetching price for XETH on 28-12-2022", "success": true}
INFO:crypto_tax:[API] [2025-04-15 09:55:43.106] Requesting token for /0/public/OHLC 
INFO:crypto_tax:[API] [2025-04-15 09:55:43.106] Got token for /0/public/OHLC 
INFO:crypto_tax:[API] [2025-04-15 09:55:43.289] Received response for /0/public/OHLC 
INFO:crypto_tax:[API] API call to Kraken - /0/public/OHLC {"method": "GET", "endpoint": "/0/public/OHLC", "success": true, "params": {"pair": "ETHEUR", "interval": 1440, "since": 1672185600}, "response_code": 200, "duration_ms": 183.67743492126465}
INFO:crypto_tax:[API] API call to CoinGecko - Fetching price for XETH on 28-12-2022 {"method": "GET", "endpoint": "Fetching price for XETH on 28-12-2022", "success": true}
WARNING: [Price] WARNING - CoinGeckoLimitation: Skipping CoinGecko API call for XETH on 28-12-2022 - exceeds 365 day limit for free API 
WARNING:crypto_tax:[Price] WARNING - CoinGeckoLimitation: Skipping CoinGecko API call for XETH on 28-12-2022 - exceeds 365 day limit for free API 
INFO:crypto_tax:[API] API call to Yahoo Finance - Fetching price for XETH on 28-12-2022 {"method": "GET", "endpoint": "Fetching price for XETH on 28-12-2022", "success": true}
INFO:crypto_tax:[Price] Got Yahoo Finance price for XETH on 28-12-2022: 1119.576904296875 EUR 
INFO:crypto_tax:[API] API call to Kraken - Fetching price for ADA on 28-12-2022 {"method": "GET", "endpoint": "Fetching price for ADA on 28-12-2022", "success": true}
INFO:crypto_tax:[API] [2025-04-15 09:55:43.378] Requesting token for /0/public/OHLC 
INFO:crypto_tax:[API] [2025-04-15 09:55:43.378] Got token for /0/public/OHLC 
INFO:crypto_tax:[API] [2025-04-15 09:55:43.594] Received response for /0/public/OHLC 
INFO:crypto_tax:[API] API call to Kraken - /0/public/OHLC {"method": "GET", "endpoint": "/0/public/OHLC", "success": true, "params": {"pair": "ADAEUR", "interval": 1440, "since": 1672185600}, "response_code": 200, "duration_ms": 215.6524658203125}
INFO:crypto_tax:[API] API call to CoinGecko - Fetching price for ADA on 28-12-2022 {"method": "GET", "endpoint": "Fetching price for ADA on 28-12-2022", "success": true}
WARNING: [Price] WARNING - CoinGeckoLimitation: Skipping CoinGecko API call for ADA on 28-12-2022 - exceeds 365 day limit for free API 
WARNING:crypto_tax:[Price] WARNING - CoinGeckoLimitation: Skipping CoinGecko API call for ADA on 28-12-2022 - exceeds 365 day limit for free API 
INFO:crypto_tax:[API] API call to Yahoo Finance - Fetching price for ADA on 28-12-2022 {"method": "GET", "endpoint": "Fetching price for ADA on 28-12-2022", "success": true}
INFO:crypto_tax:[Price] Got Yahoo Finance price for ADA on 28-12-2022: 0.23368200659751892 EUR 
INFO:crypto_tax:[API] API call to Kraken - Fetching price for MATIC on 20-04-2023 {"method": "GET", "endpoint": "Fetching price for MATIC on 20-04-2023", "success": true}
INFO:crypto_tax:[API] [2025-04-15 09:55:43.731] Requesting token for /0/public/OHLC 
INFO:crypto_tax:[API] [2025-04-15 09:55:43.731] Got token for /0/public/OHLC 
INFO:crypto_tax:[API] [2025-04-15 09:55:43.973] Received response for /0/public/OHLC 
INFO:crypto_tax:[API] API call to Kraken - /0/public/OHLC {"method": "GET", "endpoint": "/0/public/OHLC", "success": true, "params": {"pair": "MATICEUR", "interval": 1440, "since": 1681948800}, "response_code": 200, "duration_ms": 242.10405349731445}
INFO:crypto_tax:[API] API call to CoinGecko - Fetching price for MATIC on 20-04-2023 {"method": "GET", "endpoint": "Fetching price for MATIC on 20-04-2023", "success": true}
WARNING: [Price] WARNING - CoinGeckoLimitation: Skipping CoinGecko API call for MATIC on 20-04-2023 - exceeds 365 day limit for free API 
WARNING:crypto_tax:[Price] WARNING - CoinGeckoLimitation: Skipping CoinGecko API call for MATIC on 20-04-2023 - exceeds 365 day limit for free API 
INFO:crypto_tax:[API] API call to Yahoo Finance - Fetching price for MATIC on 20-04-2023 {"method": "GET", "endpoint": "Fetching price for MATIC on 20-04-2023", "success": true}
INFO:crypto_tax:[Price] Got Yahoo Finance price for MATIC on 20-04-2023: 0.9912070035934448 EUR 
INFO:crypto_tax:[API] API call to Kraken - Fetching price for AVAX on 24-04-2023 {"method": "GET", "endpoint": "Fetching price for AVAX on 24-04-2023", "success": true}
INFO:crypto_tax:[API] [2025-04-15 09:55:44.048] Requesting token for /0/public/OHLC 
INFO:crypto_tax:[API] [2025-04-15 09:55:44.048] Got token for /0/public/OHLC 
INFO:crypto_tax:[API] [2025-04-15 09:55:44.193] Received response for /0/public/OHLC 
INFO:crypto_tax:[API] API call to Kraken - /0/public/OHLC {"method": "GET", "endpoint": "/0/public/OHLC", "success": true, "params": {"pair": "AVAXEUR", "interval": 1440, "since": 1682294400}, "response_code": 200, "duration_ms": 144.61970329284668}
INFO:crypto_tax:[API] API call to CoinGecko - Fetching price for AVAX on 24-04-2023 {"method": "GET", "endpoint": "Fetching price for AVAX on 24-04-2023", "success": true}
WARNING: [Price] WARNING - CoinGeckoLimitation: Skipping CoinGecko API call for AVAX on 24-04-2023 - exceeds 365 day limit for free API 
WARNING:crypto_tax:[Price] WARNING - CoinGeckoLimitation: Skipping CoinGecko API call for AVAX on 24-04-2023 - exceeds 365 day limit for free API 
INFO:crypto_tax:[API] API call to Yahoo Finance - Fetching price for AVAX on 24-04-2023 {"method": "GET", "endpoint": "Fetching price for AVAX on 24-04-2023", "success": true}
INFO:crypto_tax:[Price] Got Yahoo Finance price for AVAX on 24-04-2023: 15.343591690063477 EUR 
INFO:crypto_tax:[API] API call to Kraken - Fetching price for ARB on 24-04-2023 {"method": "GET", "endpoint": "Fetching price for ARB on 24-04-2023", "success": true}
INFO:crypto_tax:[API] [2025-04-15 09:55:44.273] Requesting token for /0/public/OHLC 
INFO:crypto_tax:[API] [2025-04-15 09:55:44.273] Got token for /0/public/OHLC 
INFO:crypto_tax:[API] [2025-04-15 09:55:44.485] Received response for /0/public/OHLC 
INFO:crypto_tax:[API] API call to Kraken - /0/public/OHLC {"method": "GET", "endpoint": "/0/public/OHLC", "success": true, "params": {"pair": "ARBEUR", "interval": 1440, "since": 1682294400}, "response_code": 200, "duration_ms": 211.93432807922363}
INFO:crypto_tax:[API] API call to CoinGecko - Fetching price for ARB on 24-04-2023 {"method": "GET", "endpoint": "Fetching price for ARB on 24-04-2023", "success": true}
WARNING: [Price] WARNING - CoinGeckoLimitation: Skipping CoinGecko API call for ARB on 24-04-2023 - exceeds 365 day limit for free API 
WARNING:crypto_tax:[Price] WARNING - CoinGeckoLimitation: Skipping CoinGecko API call for ARB on 24-04-2023 - exceeds 365 day limit for free API 
INFO:crypto_tax:[API] API call to Yahoo Finance - Fetching price for ARB on 24-04-2023 {"method": "GET", "endpoint": "Fetching price for ARB on 24-04-2023", "success": true}
ERROR:yfinance:$ARB-EUR: possibly delisted; no timezone found
WARNING: [Price] WARNING - NotFound: Could not find price for ARB on 24-04-2023 
WARNING:crypto_tax:[Price] WARNING - NotFound: Could not find price for ARB on 24-04-2023 
INFO:crypto_tax:[API] API call to Kraken - Fetching price for APT on 24-04-2023 {"method": "GET", "endpoint": "Fetching price for APT on 24-04-2023", "success": true}
INFO:crypto_tax:[API] [2025-04-15 09:55:47.301] Requesting token for /0/public/OHLC 
INFO:crypto_tax:[API] [2025-04-15 09:55:47.301] Got token for /0/public/OHLC 
INFO:crypto_tax:[API] [2025-04-15 09:55:47.530] Received response for /0/public/OHLC 
INFO:crypto_tax:[API] API call to Kraken - /0/public/OHLC {"method": "GET", "endpoint": "/0/public/OHLC", "success": true, "params": {"pair": "APTEUR", "interval": 1440, "since": 1682294400}, "response_code": 200, "duration_ms": 228.89971733093262}
INFO:crypto_tax:[API] API call to CoinGecko - Fetching price for APT on 24-04-2023 {"method": "GET", "endpoint": "Fetching price for APT on 24-04-2023", "success": true}
WARNING: [Price] WARNING - CoinGeckoLimitation: Skipping CoinGecko API call for APT on 24-04-2023 - exceeds 365 day limit for free API 
WARNING:crypto_tax:[Price] WARNING - CoinGeckoLimitation: Skipping CoinGecko API call for APT on 24-04-2023 - exceeds 365 day limit for free API 
INFO:crypto_tax:[API] API call to Yahoo Finance - Fetching price for APT on 24-04-2023 {"method": "GET", "endpoint": "Fetching price for APT on 24-04-2023", "success": true}
ERROR:yfinance:404 Client Error: Not Found for url: https://query2.finance.yahoo.com/v10/finance/quoteSummary/APT-EUR?modules=financialData%2CquoteType%2CdefaultKeyStatistics%2CassetProfile%2CsummaryDetail&corsDomain=finance.yahoo.com&formatted=false&symbol=APT-EUR&crumb=wl0ZAJ6PANy
ERROR: [Price] ERROR - YahooFinanceError: Error fetching Yahoo Finance price for APT at 1682347393 | Exception: AttributeError: 'NoneType' object has no attribute 'update' 
ERROR:crypto_tax:[Price] ERROR - YahooFinanceError: Error fetching Yahoo Finance price for APT at 1682347393 | Exception: AttributeError: 'NoneType' object has no attribute 'update' 
ERROR: [Price] Traceback: Traceback (most recent call last):
  File "/home/mb/skripts/skripts-py/accounting_kryptos/src/crypto_tax_calculator/price_api.py", line 372, in _get_yfinance_price
    hist = ticker.history(start=start_date, end=end_date)
  File "/home/mb/skripts/skripts-py/accounting_kryptos/venv/lib/python3.13/site-packages/yfinance/utils.py", line 104, in wrapper
    result = func(*args, **kwargs)
  File "/home/mb/skripts/skripts-py/accounting_kryptos/venv/lib/python3.13/site-packages/yfinance/base.py", line 82, in history
    return self._lazy_load_price_history().history(*args, **kwargs)
           ~~~~~~~~~~~~~~~~~~~~~~~~~~~~~^^
  File "/home/mb/skripts/skripts-py/accounting_kryptos/venv/lib/python3.13/site-packages/yfinance/base.py", line 88, in _lazy_load_price_history
    self._price_history = PriceHistory(self._data, self.ticker, self._get_ticker_tz(self.proxy, timeout=10))
                                                                ~~~~~~~~~~~~~~~~~~~^^^^^^^^^^^^^^^^^^^^^^^^
  File "/home/mb/skripts/skripts-py/accounting_kryptos/venv/lib/python3.13/site-packages/yfinance/base.py", line 114, in _get_ticker_tz
    if k in self.info:
            ^^^^^^^^^
  File "/home/mb/skripts/skripts-py/accounting_kryptos/venv/lib/python3.13/site-packages/yfinance/ticker.py", line 159, in info
    return self.get_info()
           ~~~~~~~~~~~~~^^
  File "/home/mb/skripts/skripts-py/accounting_kryptos/venv/lib/python3.13/site-packages/yfinance/base.py", line 244, in get_info
    data = self._quote.info
           ^^^^^^^^^^^^^^^^
  File "/home/mb/skripts/skripts-py/accounting_kryptos/venv/lib/python3.13/site-packages/yfinance/scrapers/quote.py", line 508, in info
    self._fetch_info(self.proxy)
    ~~~~~~~~~~~~~~~~^^^^^^^^^^^^
  File "/home/mb/skripts/skripts-py/accounting_kryptos/venv/lib/python3.13/site-packages/yfinance/scrapers/quote.py", line 610, in _fetch_info
    result.update(self._fetch_additional_info(proxy))
    ^^^^^^^^^^^^^
AttributeError: 'NoneType' object has no attribute 'update'

ERROR:crypto_tax:[Price] Traceback: Traceback (most recent call last):
  File "/home/mb/skripts/skripts-py/accounting_kryptos/src/crypto_tax_calculator/price_api.py", line 372, in _get_yfinance_price
    hist = ticker.history(start=start_date, end=end_date)
  File "/home/mb/skripts/skripts-py/accounting_kryptos/venv/lib/python3.13/site-packages/yfinance/utils.py", line 104, in wrapper
    result = func(*args, **kwargs)
  File "/home/mb/skripts/skripts-py/accounting_kryptos/venv/lib/python3.13/site-packages/yfinance/base.py", line 82, in history
    return self._lazy_load_price_history().history(*args, **kwargs)
           ~~~~~~~~~~~~~~~~~~~~~~~~~~~~~^^
  File "/home/mb/skripts/skripts-py/accounting_kryptos/venv/lib/python3.13/site-packages/yfinance/base.py", line 88, in _lazy_load_price_history
    self._price_history = PriceHistory(self._data, self.ticker, self._get_ticker_tz(self.proxy, timeout=10))
                                                                ~~~~~~~~~~~~~~~~~~~^^^^^^^^^^^^^^^^^^^^^^^^
  File "/home/mb/skripts/skripts-py/accounting_kryptos/venv/lib/python3.13/site-packages/yfinance/base.py", line 114, in _get_ticker_tz
    if k in self.info:
            ^^^^^^^^^
  File "/home/mb/skripts/skripts-py/accounting_kryptos/venv/lib/python3.13/site-packages/yfinance/ticker.py", line 159, in info
    return self.get_info()
           ~~~~~~~~~~~~~^^
  File "/home/mb/skripts/skripts-py/accounting_kryptos/venv/lib/python3.13/site-packages/yfinance/base.py", line 244, in get_info
    data = self._quote.info
           ^^^^^^^^^^^^^^^^
  File "/home/mb/skripts/skripts-py/accounting_kryptos/venv/lib/python3.13/site-packages/yfinance/scrapers/quote.py", line 508, in info
    self._fetch_info(self.proxy)
    ~~~~~~~~~~~~~~~~^^^^^^^^^^^^
  File "/home/mb/skripts/skripts-py/accounting_kryptos/venv/lib/python3.13/site-packages/yfinance/scrapers/quote.py", line 610, in _fetch_info
    result.update(self._fetch_additional_info(proxy))
    ^^^^^^^^^^^^^
AttributeError: 'NoneType' object has no attribute 'update'

WARNING: [Price] WARNING - NotFound: Could not find price for APT on 24-04-2023 
WARNING:crypto_tax:[Price] WARNING - NotFound: Could not find price for APT on 24-04-2023 
INFO:crypto_tax:[API] API call to Kraken - Fetching price for XETH on 06-11-2024 {"method": "GET", "endpoint": "Fetching price for XETH on 06-11-2024", "success": true}
INFO:crypto_tax:[API] [2025-04-15 09:55:48.423] Requesting token for /0/public/OHLC 
INFO:crypto_tax:[API] [2025-04-15 09:55:48.423] Got token for /0/public/OHLC 
INFO:crypto_tax:[API] [2025-04-15 09:55:48.674] Received response for /0/public/OHLC 
INFO:crypto_tax:[API] API call to Kraken - /0/public/OHLC {"method": "GET", "endpoint": "/0/public/OHLC", "success": true, "params": {"pair": "ETHEUR", "interval": 1440, "since": 1730851200}, "response_code": 200, "duration_ms": 250.9143352508545}
INFO:crypto_tax:[API] API call to CoinGecko - Fetching price for XETH on 06-11-2024 {"method": "GET", "endpoint": "Fetching price for XETH on 06-11-2024", "success": true}
INFO:crypto_tax:[Price] Got CoinGecko price for XETH on 06-11-2024: 2216.2975932743243 EUR 
INFO:root:Processing: Added 15 purchases to FIFO calculator
INFO:root:Processing: Second pass - Processing sales
INFO:crypto_tax:[API] API call to Kraken - Fetching price for XETH on 04-01-2024 {"method": "GET", "endpoint": "Fetching price for XETH on 04-01-2024", "success": true}
INFO:crypto_tax:[API] [2025-04-15 09:55:49.194] Requesting token for /0/public/OHLC 
INFO:crypto_tax:[API] [2025-04-15 09:55:49.194] Got token for /0/public/OHLC 
INFO:crypto_tax:[API] [2025-04-15 09:55:49.412] Received response for /0/public/OHLC 
INFO:crypto_tax:[API] API call to Kraken - /0/public/OHLC {"method": "GET", "endpoint": "/0/public/OHLC", "success": true, "params": {"pair": "ETHEUR", "interval": 1440, "since": 1704326400}, "response_code": 200, "duration_ms": 218.44148635864258}
INFO:crypto_tax:[API] API call to CoinGecko - Fetching price for XETH on 04-01-2024 {"method": "GET", "endpoint": "Fetching price for XETH on 04-01-2024", "success": true}
WARNING: [Price] WARNING - CoinGeckoLimitation: Skipping CoinGecko API call for XETH on 04-01-2024 - exceeds 365 day limit for free API 
WARNING:crypto_tax:[Price] WARNING - CoinGeckoLimitation: Skipping CoinGecko API call for XETH on 04-01-2024 - exceeds 365 day limit for free API 
INFO:crypto_tax:[API] API call to Yahoo Finance - Fetching price for XETH on 04-01-2024 {"method": "GET", "endpoint": "Fetching price for XETH on 04-01-2024", "success": true}
INFO:crypto_tax:[Price] Got Yahoo Finance price for XETH on 04-01-2024: 2023.3577880859375 EUR 
INFO:crypto_tax:[API] API call to Kraken - Fetching price for ADA on 10-01-2024 {"method": "GET", "endpoint": "Fetching price for ADA on 10-01-2024", "success": true}
INFO:crypto_tax:[API] [2025-04-15 09:55:49.499] Requesting token for /0/public/OHLC 
INFO:crypto_tax:[API] [2025-04-15 09:55:49.499] Got token for /0/public/OHLC 
INFO:crypto_tax:[API] [2025-04-15 09:55:49.687] Received response for /0/public/OHLC 
INFO:crypto_tax:[API] API call to Kraken - /0/public/OHLC {"method": "GET", "endpoint": "/0/public/OHLC", "success": true, "params": {"pair": "ADAEUR", "interval": 1440, "since": 1704844800}, "response_code": 200, "duration_ms": 187.97731399536133}
INFO:crypto_tax:[Price] Got Kraken price for ADA on 10-01-2024: 0.530188 EUR 
INFO:crypto_tax:[API] API call to Kraken - Fetching price for AVAX on 09-05-2024 {"method": "GET", "endpoint": "Fetching price for AVAX on 09-05-2024", "success": true}
INFO:crypto_tax:[API] [2025-04-15 09:55:49.690] Requesting token for /0/public/OHLC 
INFO:crypto_tax:[API] [2025-04-15 09:55:49.690] Got token for /0/public/OHLC 
INFO:crypto_tax:[API] [2025-04-15 09:55:49.916] Received response for /0/public/OHLC 
INFO:crypto_tax:[API] API call to Kraken - /0/public/OHLC {"method": "GET", "endpoint": "/0/public/OHLC", "success": true, "params": {"pair": "AVAXEUR", "interval": 1440, "since": 1715212800}, "response_code": 200, "duration_ms": 225.83341598510742}
INFO:crypto_tax:[Price] Got Kraken price for AVAX on 09-05-2024: 31.37 EUR 
INFO:root:FIFO Error: Cannot match lots for 0.4516100000 XETH (Ref: LJC3TF-S3X4H-G6MWWN) - Attempting to fetch more data
INFO:root:Fetching all trades for XETH from 2010-01-01
INFO:crypto_tax:[Kraken] Retrieving trades {"start_date": "2010-01-01", "end_date": "2024-05-23"}
INFO:crypto_tax:[Database] Connection opened to Kraken cache database 
INFO:crypto_tax:[Database] Connection closed to Kraken cache database 
INFO:crypto_tax:[Database] Retrieved 5 entries from trades {"start_time": 1262300400, "end_time": 1716488247}
INFO:crypto_tax:[Kraken] Retrieved 5 cached trades 
INFO:crypto_tax:[Kraken API] Fetching trades {"from": "2023-08-14"}
INFO:crypto_tax:[API] [2025-04-15 09:55:49.922] Requesting token for /0/private/TradesHistory 
INFO:crypto_tax:[API] [2025-04-15 09:55:49.922] Got token for /0/private/TradesHistory 
INFO:crypto_tax:[API] [2025-04-15 09:55:50.037] Received response for /0/private/TradesHistory 
INFO:crypto_tax:[API] API call to Kraken - /0/private/TradesHistory {"method": "POST", "endpoint": "/0/private/TradesHistory", "success": true, "params": {"nonce": "1744703749922072", "ofs": 0, "start": 1692023149, "end": 1716488247, "trades": "true"}, "response_code": 200, "duration_ms": 114.58802223205566}
INFO:crypto_tax:[Kraken API] Fetched 0 new trades 
INFO:crypto_tax:[Database] No entries to save to trades 
INFO:root:Fetching all ledger entries for XETH from 2010-01-01
INFO:crypto_tax:[Kraken] Retrieving ledger entries {"start_date": "2010-01-01", "end_date": "2024-05-23"}
INFO:crypto_tax:[Database] Connection opened to Kraken cache database 
INFO:crypto_tax:[Database] Connection closed to Kraken cache database 
INFO:crypto_tax:[Database] Retrieved 45 entries from ledger {"start_time": 1262300400, "end_time": 1716488247}
INFO:crypto_tax:[Kraken] Retrieved 45 cached ledger entries 
INFO:crypto_tax:[Kraken] Using cached ledger entries only (cache is up to date) 
INFO:crypto_tax:[Price] Using cached price for XETH on 19-04-2022: 2875.37109375 EUR 
INFO:root:Added additional purchase: 0.1194286700 XETH at 2875.37109375 EUR
INFO:crypto_tax:[Price] Using cached price for XETH on 28-12-2022: 1119.576904296875 EUR 
INFO:root:Added additional purchase: 0.4832533000 XETH at 1119.576904296875 EUR
INFO:crypto_tax:[API] API call to Kraken - Fetching price for XETH on 23-05-2024 {"method": "GET", "endpoint": "Fetching price for XETH on 23-05-2024", "success": true}
INFO:crypto_tax:[API] [2025-04-15 09:55:50.042] Requesting token for /0/public/OHLC 
INFO:crypto_tax:[API] [2025-04-15 09:55:50.042] Got token for /0/public/OHLC 
INFO:crypto_tax:[API] [2025-04-15 09:55:50.219] Received response for /0/public/OHLC 
INFO:crypto_tax:[API] API call to Kraken - /0/public/OHLC {"method": "GET", "endpoint": "/0/public/OHLC", "success": true, "params": {"pair": "ETHEUR", "interval": 1440, "since": 1716422400}, "response_code": 200, "duration_ms": 176.51128768920898}
INFO:crypto_tax:[API] API call to CoinGecko - Fetching price for XETH on 23-05-2024 {"method": "GET", "endpoint": "Fetching price for XETH on 23-05-2024", "success": true}
INFO:crypto_tax:[Price] Got CoinGecko price for XETH on 23-05-2024: 3456.899841048827 EUR 
INFO:crypto_tax:[API] API call to Kraken - Fetching price for ADA on 23-05-2024 {"method": "GET", "endpoint": "Fetching price for ADA on 23-05-2024", "success": true}
INFO:crypto_tax:[API] [2025-04-15 09:55:50.441] Requesting token for /0/public/OHLC 
INFO:crypto_tax:[API] [2025-04-15 09:55:50.441] Got token for /0/public/OHLC 
INFO:crypto_tax:[API] [2025-04-15 09:55:50.701] Received response for /0/public/OHLC 
INFO:crypto_tax:[API] API call to Kraken - /0/public/OHLC {"method": "GET", "endpoint": "/0/public/OHLC", "success": true, "params": {"pair": "ADAEUR", "interval": 1440, "since": 1716422400}, "response_code": 200, "duration_ms": 259.2809200286865}
INFO:crypto_tax:[Price] Got Kraken price for ADA on 23-05-2024: 0.424228 EUR 
INFO:crypto_tax:[API] API call to Kraken - Fetching price for ARB on 23-05-2024 {"method": "GET", "endpoint": "Fetching price for ARB on 23-05-2024", "success": true}
INFO:crypto_tax:[API] [2025-04-15 09:55:50.704] Requesting token for /0/public/OHLC 
INFO:crypto_tax:[API] [2025-04-15 09:55:50.704] Got token for /0/public/OHLC 
INFO:crypto_tax:[API] [2025-04-15 09:55:50.875] Received response for /0/public/OHLC 
INFO:crypto_tax:[API] API call to Kraken - /0/public/OHLC {"method": "GET", "endpoint": "/0/public/OHLC", "success": true, "params": {"pair": "ARBEUR", "interval": 1440, "since": 1716422400}, "response_code": 200, "duration_ms": 170.70913314819336}
INFO:crypto_tax:[Price] Got Kraken price for ARB on 23-05-2024: 1.0688 EUR 
INFO:crypto_tax:[API] API call to Kraken - Fetching price for ARB on 24-04-2023 {"method": "GET", "endpoint": "Fetching price for ARB on 24-04-2023", "success": true}
INFO:crypto_tax:[API] [2025-04-15 09:55:50.878] Requesting token for /0/public/OHLC 
INFO:crypto_tax:[API] [2025-04-15 09:55:50.878] Got token for /0/public/OHLC 
INFO:crypto_tax:[API] [2025-04-15 09:55:51.011] Received response for /0/public/OHLC 
INFO:crypto_tax:[API] API call to Kraken - /0/public/OHLC {"method": "GET", "endpoint": "/0/public/OHLC", "success": true, "params": {"pair": "ARBEUR", "interval": 1440, "since": 1682294400}, "response_code": 200, "duration_ms": 132.64703750610352}
INFO:crypto_tax:[API] API call to CoinGecko - Fetching price for ARB on 24-04-2023 {"method": "GET", "endpoint": "Fetching price for ARB on 24-04-2023", "success": true}
WARNING: [Price] WARNING - CoinGeckoLimitation: Skipping CoinGecko API call for ARB on 24-04-2023 - exceeds 365 day limit for free API 
WARNING:crypto_tax:[Price] WARNING - CoinGeckoLimitation: Skipping CoinGecko API call for ARB on 24-04-2023 - exceeds 365 day limit for free API 
INFO:crypto_tax:[API] API call to Yahoo Finance - Fetching price for ARB on 24-04-2023 {"method": "GET", "endpoint": "Fetching price for ARB on 24-04-2023", "success": true}
ERROR:yfinance:$ARB-EUR: possibly delisted; no timezone found
WARNING: [Price] WARNING - NotFound: Could not find price for ARB on 24-04-2023 
WARNING:crypto_tax:[Price] WARNING - NotFound: Could not find price for ARB on 24-04-2023 
ERROR: [Price] ERROR - MissingPurchasePrice: Missing purchase price for ARB in lot L3EB3W-RSLGQ-YJVEUL and could not recover from historical data 
ERROR:crypto_tax:[Price] ERROR - MissingPurchasePrice: Missing purchase price for ARB in lot L3EB3W-RSLGQ-YJVEUL and could not recover from historical data 
Traceback (most recent call last):
  File "<frozen runpy>", line 198, in _run_module_as_main
  File "<frozen runpy>", line 88, in _run_code
  File "/home/mb/skripts/skripts-py/accounting_kryptos/src/crypto_tax_calculator/main.py", line 559, in <module>
    main()
    ~~~~^^
  File "/home/mb/skripts/skripts-py/accounting_kryptos/src/crypto_tax_calculator/main.py", line 502, in main
    report_entries = process_transactions(kraken_trades, kraken_ledger, tax_year)
  File "/home/mb/skripts/skripts-py/accounting_kryptos/src/crypto_tax_calculator/main.py", line 358, in process_transactions
    raise ValueError(error_msg)
ValueError: Missing purchase price for ARB in lot L3EB3W-RSLGQ-YJVEUL and could not recover from historical data
Fetching trades from Kraken...
Received 0 trades entries in this batch.
No more trades found.
Total trades found: 0
WARNING: No trades were found for the specified parameters.
Please verify your API keys and date range.
------------------------------
Fetching ledger from Kraken...
Received 0 ledger entries in this batch.
No more ledger found.
Total ledger found: 0
WARNING: No ledger were found for the specified parameters.
Please verify your API keys and date range.
------------------------------
[LOG] FIFO Init: FifoCalculator initialized.
[LOG] FIFO Match: Matched 1.0000000000 XETH using holdings under 'XETH' (Ref: LINGB3-WZ2QZ-PLQWZ5)
[LOG] FIFO Match: Matched 1356.25396900 ADA using holdings under 'ADA' (Ref: LEVU23-MZZJG-Q4VLVQ)
[LOG] FIFO Match: Matched 15.8497700000 AVAX using holdings under 'AVAX' (Ref: LU4N27-QT7QR-US5PBA)
[LOG] FIFO Error: Cannot match lots for 0.4516100000 XETH (Ref: LJC3TF-S3X4H-G6MWWN) - No holdings available. Tried: ['XETH', 'ETH']. Available holdings keys: ['XETH', 'ADA', 'SOL', 'XETHZ', 'ARB', 'MATIC', 'AVAX', 'APT']
Received 0 trades entries in this batch.
No more trades found.
[LOG] FIFO Match: Matched 0.4516100000 XETH using holdings under 'XETH' (Ref: LJC3TF-S3X4H-G6MWWN)
[LOG] FIFO Match: Matched 452.08465700 ADA using holdings under 'ADA' (Ref: LL3RIA-PCIBK-57YB77)
[LOG] FIFO Match: Matched 172.56000 ARB using holdings under 'ARB' (Ref: LLUIJV-CZIDY-N4VJ3N)
